<?xml version="1.0" encoding="UTF-8"?>
<testsuite name="com.example.campus_house.CampusHouseApplicationTests" tests="1" skipped="0" failures="0" errors="0" timestamp="2025-10-23T15:50:04.092Z" hostname="BOOK-0JGTUFJF6G" time="1.288">
  <properties/>
  <testcase name="contextLoads()" classname="com.example.campus_house.CampusHouseApplicationTests" time="1.288"/>
  <system-out><![CDATA[00:49:29.915 [Test worker] INFO org.springframework.test.context.support.AnnotationConfigContextLoaderUtils -- Could not detect default configuration classes for test class [com.example.campus_house.CampusHouseApplicationTests]: CampusHouseApplicationTests does not declare any static, non-private, non-final, nested classes annotated with @Configuration.
00:49:30.308 [Test worker] INFO org.springframework.boot.test.context.SpringBootTestContextBootstrapper -- Found @SpringBootConfiguration com.example.campus_house.CampusHouseApplication for test class com.example.campus_house.CampusHouseApplicationTests

  .   ____          _            __ _ _
 /\\ / ___'_ __ _ _(_)_ __  __ _ \ \ \ \
( ( )\___ | '_ | '_| | '_ \/ _` | \ \ \ \
 \\/  ___)| |_)| | | | | || (_| |  ) ) ) )
  '  |____| .__|_| |_|_| |_\__, | / / / /
 =========|_|==============|___/=/_/_/_/

 :: Spring Boot ::                (v3.5.6)

2025-10-24T00:49:31.456+09:00  INFO 13596 --- [campus_house] [    Test worker] c.e.c.CampusHouseApplicationTests        : Starting CampusHouseApplicationTests using Java 21.0.8 with PID 13596 (started by kiosu in C:\Users\kiosu\OneDrive\Desktop\Kyunghee_Uni\CampusLife\Portfolio\Yeso\campus-house-server)
2025-10-24T00:49:31.460+09:00  INFO 13596 --- [campus_house] [    Test worker] c.e.c.CampusHouseApplicationTests        : No active profile set, falling back to 1 default profile: "default"
2025-10-24T00:49:34.574+09:00  INFO 13596 --- [campus_house] [    Test worker] .s.d.r.c.RepositoryConfigurationDelegate : Bootstrapping Spring Data JPA repositories in DEFAULT mode.
2025-10-24T00:49:35.099+09:00  INFO 13596 --- [campus_house] [    Test worker] .s.d.r.c.RepositoryConfigurationDelegate : Finished Spring Data repository scanning in 501 ms. Found 19 JPA repository interfaces.
2025-10-24T00:49:37.543+09:00  INFO 13596 --- [campus_house] [    Test worker] o.hibernate.jpa.internal.util.LogHelper  : HHH000204: Processing PersistenceUnitInfo [name: default]
2025-10-24T00:49:37.827+09:00  INFO 13596 --- [campus_house] [    Test worker] org.hibernate.Version                    : HHH000412: Hibernate ORM core version 6.6.29.Final
2025-10-24T00:49:37.997+09:00  INFO 13596 --- [campus_house] [    Test worker] o.h.c.internal.RegionFactoryInitiator    : HHH000026: Second-level cache disabled
2025-10-24T00:49:39.069+09:00  INFO 13596 --- [campus_house] [    Test worker] o.s.o.j.p.SpringPersistenceUnitInfo      : No LoadTimeWeaver setup: ignoring JPA class transformer
2025-10-24T00:49:39.196+09:00  INFO 13596 --- [campus_house] [    Test worker] com.zaxxer.hikari.HikariDataSource       : HikariPool-1 - Starting...
2025-10-24T00:49:39.867+09:00  INFO 13596 --- [campus_house] [    Test worker] com.zaxxer.hikari.pool.HikariPool        : HikariPool-1 - Added connection org.postgresql.jdbc.PgConnection@2484c868
2025-10-24T00:49:39.868+09:00  INFO 13596 --- [campus_house] [    Test worker] com.zaxxer.hikari.HikariDataSource       : HikariPool-1 - Start completed.
2025-10-24T00:49:39.983+09:00  WARN 13596 --- [campus_house] [    Test worker] org.hibernate.orm.deprecation            : HHH90000025: PostgreSQLDialect does not need to be specified explicitly using 'hibernate.dialect' (remove the property setting and it will be selected by default)
2025-10-24T00:49:40.059+09:00  INFO 13596 --- [campus_house] [    Test worker] org.hibernate.orm.connections.pooling    : HHH10001005: Database info:
	Database JDBC URL [Connecting through datasource 'HikariDataSource (HikariPool-1)']
	Database driver: undefined/unknown
	Database version: 18.0
	Autocommit mode: undefined/unknown
	Isolation level: undefined/unknown
	Minimum pool size: undefined/unknown
	Maximum pool size: undefined/unknown
2025-10-24T00:49:45.282+09:00  INFO 13596 --- [campus_house] [    Test worker] o.h.e.t.j.p.i.JtaPlatformInitiator       : HHH000489: No JTA platform available (set 'hibernate.transaction.jta.platform' to enable JTA platform integration)
2025-10-24T00:49:47.509+09:00  INFO 13596 --- [campus_house] [    Test worker] j.LocalContainerEntityManagerFactoryBean : Initialized JPA EntityManagerFactory for persistence unit 'default'
2025-10-24T00:49:49.119+09:00  INFO 13596 --- [campus_house] [    Test worker] o.s.d.j.r.query.QueryEnhancerFactory     : Hibernate is in classpath; If applicable, HQL parser will be used.
2025-10-24T00:50:00.820+09:00  INFO 13596 --- [campus_house] [    Test worker] o.s.b.a.e.web.EndpointLinksResolver      : Exposing 1 endpoint beneath base path '/actuator'
2025-10-24T00:50:00.952+09:00  WARN 13596 --- [campus_house] [    Test worker] .s.s.UserDetailsServiceAutoConfiguration : 

Using generated security password: 35900209-7a87-4ad8-8a82-a6ea1f16464d

This generated password is for development use only. Your security configuration must be updated before running your application in production.

2025-10-24T00:50:01.005+09:00  INFO 13596 --- [campus_house] [    Test worker] r$InitializeUserDetailsManagerConfigurer : Global AuthenticationManager configured with UserDetailsService bean with name inMemoryUserDetailsManager
2025-10-24T00:50:03.186+09:00  INFO 13596 --- [campus_house] [    Test worker] c.e.c.CampusHouseApplicationTests        : Started CampusHouseApplicationTests in 32.479 seconds (process running for 35.65)
]]></system-out>
  <system-err><![CDATA[Mockito is currently self-attaching to enable the inline-mock-maker. This will no longer work in future releases of the JDK. Please add Mockito as an agent to your build as described in Mockito's documentation: https://javadoc.io/doc/org.mockito/mockito-core/latest/org.mockito/org/mockito/Mockito.html#0.3
WARNING: A Java agent has been loaded dynamically (C:\Users\kiosu\.gradle\caches\modules-2\files-2.1\net.bytebuddy\byte-buddy-agent\1.17.7\fbf3d6d649ed37fc9e9c59480a05be0a26e3c2da\byte-buddy-agent-1.17.7.jar)
WARNING: If a serviceability tool is in use, please run with -XX:+EnableDynamicAgentLoading to hide this warning
WARNING: If a serviceability tool is not in use, please run with -Djdk.instrument.traceUsage for more information
WARNING: Dynamic loading of agents will be disallowed by default in a future release
]]></system-err>
</testsuite>
